
> vibe-generated-app@1.0.0 dev
> vite


  VITE v5.4.20  ready in 238 ms

  ➜  Local:   http://localhost:3000/
  ➜  Network: http://172.20.0.165:3000/
10:22:42 AM [vite] Pre-transform error: Failed to resolve import "firebase/auth" from "src/App.jsx". Does the file exist?
10:22:42 AM [vite] Pre-transform error: Failed to resolve import "firebase/app" from "src/firebase.js". Does the file exist?
10:22:43 AM [vite] Internal server error: Failed to resolve import "firebase/auth" from "src/App.jsx". Does the file exist?
  Plugin: vite:import-analysis
  File: /home/workspace/src/App.jsx:12:7
  11 |    signInWithPopup,
  12 |    updateProfile
  13 |  } from "firebase/auth";
     |          ^
  14 |  import {
  15 |    collection,
      at TransformPluginContext._formatError (file:///home/workspace/node_modules/vite/dist/node/chunks/dep-D_zLpgQd.js:49258:41)
      at TransformPluginContext.error (file:///home/workspace/node_modules/vite/dist/node/chunks/dep-D_zLpgQd.js:49253:16)
      at normalizeUrl (file:///home/workspace/node_modules/vite/dist/node/chunks/dep-D_zLpgQd.js:64306:23)
      at process.processTicksAndRejections (node:internal/process/task_queues:105:5)
      at async file:///home/workspace/node_modules/vite/dist/node/chunks/dep-D_zLpgQd.js:64438:39
      at async Promise.all (index 4)
      at async TransformPluginContext.transform (file:///home/workspace/node_modules/vite/dist/node/chunks/dep-D_zLpgQd.js:64365:7)
      at async PluginContainer.transform (file:///home/workspace/node_modules/vite/dist/node/chunks/dep-D_zLpgQd.js:49099:18)
      at async loadAndTransform (file:///home/workspace/node_modules/vite/dist/node/chunks/dep-D_zLpgQd.js:51977:27)
      at async viteTransformMiddleware (file:///home/workspace/node_modules/vite/dist/node/chunks/dep-D_zLpgQd.js:62105:24)
10:22:43 AM [vite] Pre-transform error: Failed to resolve import "firebase/app" from "src/firebase.js". Does the file exist?
